<?xml version="1.0" encoding="UTF-8"?>
<testsuite xmlns:xsi="http://www.w3.org/2001/XMLSchema-instance" xsi:noNamespaceSchemaLocation="https://maven.apache.org/surefire/maven-surefire-plugin/xsd/surefire-test-report.xsd" name="at.fhj.iit.JuiceTest" time="0.006" tests="13" errors="0" skipped="0" failures="0">
  <properties>
[...]
</properties>
  <testcase name="isAlcoholicOfJuiceNonAlcoholicTest" classname="at.fhj.iit.JuiceTest" time="0"/>
  <testcase name="setMainIngredientTest" classname="at.fhj.iit.JuiceTest" time="0"/>
  <testcase name="getAlcoholPercentOfJuiceNotDilutedTest" classname="at.fhj.iit.JuiceTest" time="0"/>
  <testcase name="setSugarPercentTest" classname="at.fhj.iit.JuiceTest" time="0"/>
  <testcase name="getIsDilutedWithWaterTest" classname="at.fhj.iit.JuiceTest" time="0"/>
  <testcase name="informationToStringTest" classname="at.fhj.iit.JuiceTest" time="0.001"/>
  <testcase name="getVolumeOfJuiceTestNotDiluted" classname="at.fhj.iit.JuiceTest" time="0"/>
  <testcase name="getMainIngredientTest" classname="at.fhj.iit.JuiceTest" time="0"/>
  <testcase name="setIsDilutedWithWaterTest" classname="at.fhj.iit.JuiceTest" time="0"/>
  <testcase name="isAlcoholicOfJuiceAlcoholicTest" classname="at.fhj.iit.JuiceTest" time="0.001"/>
  <testcase name="getVolumeOfJuiceTestDiluted" classname="at.fhj.iit.JuiceTest" time="0"/>
  <testcase name="getAlcoholPercentOfJuiceDilutedTest" classname="at.fhj.iit.JuiceTest" time="0"/>
  <testcase name="getSugarPercentTest" classname="at.fhj.iit.JuiceTest" time="0"/>
</testsuite>